2019-05-23 00:31:11,992 INFO No binary specified, looking for `pyre.bin` in PATH
2019-05-23 00:31:11,993 INFO Found: `/usr/bin/pyre.bin`
2019-05-23 00:31:11,993 INFO No typeshed specified, looking for it
2019-05-23 00:31:11,994 DEBUG Trying with: `/usr/lib/python3.7/site-packages/pyre_check/pyre_check/typeshed/`
2019-05-23 00:31:11,994 DEBUG Trying with: `/usr/lib/python3.7/site-packages/pyre_check/typeshed/`
2019-05-23 00:31:11,994 DEBUG Trying with: `/usr/lib/python3.7/pyre_check/typeshed/`
2019-05-23 00:31:11,994 DEBUG Trying with: `/usr/lib/pyre_check/typeshed/`
2019-05-23 00:31:11,994 INFO Found: `/usr/lib/pyre_check/typeshed/`
2019-05-23 00:31:11,994 WARNING Setting up a `.pyre_configuration` with `pyre init` may reduce overhead.

2019-05-23 00:31:11,995 DEBUG Running `/usr/bin/pyre.bin check -logging-sections parser -project-root /home/sning/myfile/mproject/django-sning -filter-directories /home/sning/myfile/mproject/django-sning -workers 1 -typeshed /usr/lib/pyre_check/typeshed/ /home/sning/myfile/mproject/django-sning`
2019-05-23 00:31:12,115 INFO Finding type stubs in `/home/sning/myfile/mproject/django-sning`...
2019-05-23 00:31:12,201 INFO Finding type stubs in `/usr/lib/pyre_check/typeshed/third_party`...
2019-05-23 00:31:12,302 INFO Finding type stubs in `/usr/lib/pyre_check/typeshed/stdlib`...
2019-05-23 00:31:12,466 INFO Parsing 802 stubs and external sources...
2019-05-23 00:31:13,594 PERFORMANCE Stubs parsed: 1.227000s
2019-05-23 00:31:13,644 INFO Parsing 18 sources in `/home/sning/myfile/mproject/django-sning`...
2019-05-23 00:31:13,678 PERFORMANCE Sources parsed: 0.050000s
2019-05-23 00:31:13,679 PERFORMANCE Registered ignores: 0.034000s
2019-05-23 00:31:13,680 INFO Adding environment information to shared memory...
2019-05-23 00:31:13,682 PERFORMANCE Added environment to shared memory: 0.001000s
2019-05-23 00:31:13,783 INFO Building type environment...
2019-05-23 00:31:16,167 PERFORMANCE Full environment built: 2.486000s
2019-05-23 00:31:16,241 MEMORY Shared memory size (size: 15)
2019-05-23 00:31:16,242 PERFORMANCE Filtered directories: 0.073000s
2019-05-23 00:31:16,242 INFO Checking 18 sources...
2019-05-23 00:31:16,342 INFO Running check `TypeCheck`...
2019-05-23 00:31:16,876 INFO Processed 18 of 18 sources
2019-05-23 00:31:16,876 PERFORMANCE Check_TypeCheck: 0.634000s
2019-05-23 00:31:16,899 PERFORMANCE Analyzed sources: 0.634000s
2019-05-23 00:31:16,912 PERFORMANCE Postprocessed: 0.023000s
2019-05-23 00:31:16,929 PERFORMANCE Check: 4.900000s
2019-05-23 00:31:16,931 ERROR Found 17 type errors!

2019-05-23 00:33:42,248 INFO No binary specified, looking for `pyre.bin` in PATH
2019-05-23 00:33:42,249 INFO Found: `/usr/bin/pyre.bin`
2019-05-23 00:33:42,249 INFO No typeshed specified, looking for it
2019-05-23 00:33:42,249 DEBUG Trying with: `/usr/lib/python3.7/site-packages/pyre_check/pyre_check/typeshed/`
2019-05-23 00:33:42,250 DEBUG Trying with: `/usr/lib/python3.7/site-packages/pyre_check/typeshed/`
2019-05-23 00:33:42,250 DEBUG Trying with: `/usr/lib/python3.7/pyre_check/typeshed/`
2019-05-23 00:33:42,250 DEBUG Trying with: `/usr/lib/pyre_check/typeshed/`
2019-05-23 00:33:42,250 INFO Found: `/usr/lib/pyre_check/typeshed/`
2019-05-23 00:33:42,250 WARNING Setting up a `.pyre_configuration` with `pyre init` may reduce overhead.

2019-05-23 00:33:42,251 DEBUG Running `/usr/bin/pyre.bin check -logging-sections parser -project-root /home/sning/myfile/mproject/django-sning -filter-directories /home/sning/myfile/mproject/django-sning -workers 1 -typeshed /usr/lib/pyre_check/typeshed/ /home/sning/myfile/mproject/django-sning`
2019-05-23 00:33:42,369 INFO Finding type stubs in `/home/sning/myfile/mproject/django-sning`...
2019-05-23 00:33:42,484 INFO Finding type stubs in `/usr/lib/pyre_check/typeshed/third_party`...
2019-05-23 00:33:42,585 INFO Finding type stubs in `/usr/lib/pyre_check/typeshed/stdlib`...
2019-05-23 00:33:42,750 INFO Parsing 802 stubs and external sources...
2019-05-23 00:33:43,879 PERFORMANCE Stubs parsed: 1.229000s
2019-05-23 00:33:43,931 INFO Parsing 18 sources in `/home/sning/myfile/mproject/django-sning`...
2019-05-23 00:33:43,960 PERFORMANCE Sources parsed: 0.051000s
2019-05-23 00:33:43,962 PERFORMANCE Registered ignores: 0.028000s
2019-05-23 00:33:43,963 INFO Adding environment information to shared memory...
2019-05-23 00:33:43,969 PERFORMANCE Added environment to shared memory: 0.001000s
2019-05-23 00:33:44,075 INFO Building type environment...
2019-05-23 00:33:47,094 PERFORMANCE Full environment built: 3.132000s
2019-05-23 00:33:47,195 MEMORY Shared memory size (size: 15)
2019-05-23 00:33:47,196 PERFORMANCE Filtered directories: 0.100000s
2019-05-23 00:33:47,196 INFO Checking 18 sources...
2019-05-23 00:33:47,297 INFO Running check `TypeCheck`...
2019-05-23 00:33:47,945 INFO Processed 18 of 18 sources
2019-05-23 00:33:47,945 PERFORMANCE Check_TypeCheck: 0.749000s
2019-05-23 00:33:47,970 PERFORMANCE Analyzed sources: 0.749000s
2019-05-23 00:33:47,987 PERFORMANCE Postprocessed: 0.025000s
2019-05-23 00:33:48,008 PERFORMANCE Check: 5.721000s
2019-05-23 00:33:48,010 ERROR Found 16 type errors!

2019-05-23 00:36:21,972 INFO No binary specified, looking for `pyre.bin` in PATH
2019-05-23 00:36:21,972 INFO Found: `/usr/bin/pyre.bin`
2019-05-23 00:36:21,972 INFO No typeshed specified, looking for it
2019-05-23 00:36:21,973 DEBUG Trying with: `/usr/lib/python3.7/site-packages/pyre_check/pyre_check/typeshed/`
2019-05-23 00:36:21,973 DEBUG Trying with: `/usr/lib/python3.7/site-packages/pyre_check/typeshed/`
2019-05-23 00:36:21,973 DEBUG Trying with: `/usr/lib/python3.7/pyre_check/typeshed/`
2019-05-23 00:36:21,973 DEBUG Trying with: `/usr/lib/pyre_check/typeshed/`
2019-05-23 00:36:21,973 INFO Found: `/usr/lib/pyre_check/typeshed/`
2019-05-23 00:36:21,974 WARNING Setting up a `.pyre_configuration` with `pyre init` may reduce overhead.

2019-05-23 00:36:21,974 DEBUG Running `/usr/bin/pyre.bin check -logging-sections parser -project-root /home/sning/myfile/mproject/django-sning -filter-directories /home/sning/myfile/mproject/django-sning -workers 1 -typeshed /usr/lib/pyre_check/typeshed/ /home/sning/myfile/mproject/django-sning`
2019-05-23 00:36:22,093 INFO Finding type stubs in `/home/sning/myfile/mproject/django-sning`...
2019-05-23 00:36:22,128 INFO Finding type stubs in `/usr/lib/pyre_check/typeshed/third_party`...
2019-05-23 00:36:22,229 INFO Finding type stubs in `/usr/lib/pyre_check/typeshed/stdlib`...
2019-05-23 00:36:22,396 INFO Parsing 802 stubs and external sources...
2019-05-23 00:36:23,554 PERFORMANCE Stubs parsed: 1.258000s
2019-05-23 00:36:23,605 INFO Parsing 18 sources in `/home/sning/myfile/mproject/django-sning`...
2019-05-23 00:36:23,632 PERFORMANCE Sources parsed: 0.050000s
2019-05-23 00:36:23,633 PERFORMANCE Registered ignores: 0.027000s
2019-05-23 00:36:23,634 INFO Adding environment information to shared memory...
2019-05-23 00:36:23,636 PERFORMANCE Added environment to shared memory: 0.001000s
2019-05-23 00:36:23,739 INFO Building type environment...
2019-05-23 00:36:26,174 PERFORMANCE Full environment built: 2.541000s
2019-05-23 00:36:26,274 MEMORY Shared memory size (size: 15)
2019-05-23 00:36:26,274 PERFORMANCE Filtered directories: 0.099000s
2019-05-23 00:36:26,275 INFO Checking 18 sources...
2019-05-23 00:36:26,376 INFO Running check `TypeCheck`...
2019-05-23 00:36:26,947 INFO Processed 18 of 18 sources
2019-05-23 00:36:26,948 PERFORMANCE Check_TypeCheck: 0.673000s
2019-05-23 00:36:26,972 PERFORMANCE Analyzed sources: 0.673000s
2019-05-23 00:36:26,983 PERFORMANCE Postprocessed: 0.023000s
2019-05-23 00:36:26,999 PERFORMANCE Check: 4.996000s
2019-05-23 00:36:27,001 ERROR Found 16 type errors!

